<?xml version="1.0" encoding="UTF-8"?>
<testsuite name="com.tlou2.tlou2.contoller.PostControllerTest" tests="1" skipped="0" failures="0" errors="0" timestamp="2026-05-08T17:08:47.499Z" hostname="RGCASWFA1546" time="0.987">
  <properties/>
  <testcase name="shouldUpdateAPost()" classname="com.tlou2.tlou2.contoller.PostControllerTest" time="0.077"/>
  <system-out><![CDATA[12:08:47.554 [Test worker] INFO org.springframework.test.context.support.AnnotationConfigContextLoaderUtils -- Could not detect default configuration classes for test class [com.tlou2.tlou2.contoller.PostControllerTest]: PostControllerTest does not declare any static, non-private, non-final, nested classes annotated with @Configuration.
12:08:47.597 [Test worker] INFO org.springframework.boot.test.context.SpringBootTestContextBootstrapper -- Found @SpringBootConfiguration com.tlou2.tlou2.Tlou2Application for test class com.tlou2.tlou2.contoller.PostControllerTest
12:08:47.598 [Test worker] INFO org.springframework.test.context.support.AnnotationConfigContextLoaderUtils -- Could not detect default configuration classes for test class [com.tlou2.tlou2.contoller.PostControllerTest]: PostControllerTest does not declare any static, non-private, non-final, nested classes annotated with @Configuration.
12:08:47.602 [Test worker] INFO org.springframework.boot.test.context.SpringBootTestContextBootstrapper -- Found @SpringBootConfiguration com.tlou2.tlou2.Tlou2Application for test class com.tlou2.tlou2.contoller.PostControllerTest

  .   ____          _            __ _ _
 /\\ / ___'_ __ _ _(_)_ __  __ _ \ \ \ \
( ( )\___ | '_ | '_| | '_ \/ _` | \ \ \ \
 \\/  ___)| |_)| | | | | || (_| |  ) ) ) )
  '  |____| .__|_| |_|_| |_\__, | / / / /
 =========|_|==============|___/=/_/_/_/

 :: Spring Boot ::                (v4.0.6)

2026-05-08T12:08:47.744-05:00  INFO 86690 --- [tlou_two_backend] [    Test worker] c.t.tlou2.contoller.PostControllerTest   : Starting PostControllerTest using Java 21.0.9 with PID 86690 (started by i2505819 in /Users/i2505819/swf/github/Udemy_Full_Stack_Practice)
2026-05-08T12:08:47.744-05:00  INFO 86690 --- [tlou_two_backend] [    Test worker] c.t.tlou2.contoller.PostControllerTest   : The following 1 profile is active: "test"
2026-05-08T12:08:48.390-05:00  INFO 86690 --- [tlou_two_backend] [    Test worker] o.s.b.t.m.w.SpringBootMockServletContext : Initializing Spring TestDispatcherServlet ''
2026-05-08T12:08:48.391-05:00  INFO 86690 --- [tlou_two_backend] [    Test worker] o.s.t.web.servlet.TestDispatcherServlet  : Initializing Servlet ''
2026-05-08T12:08:48.392-05:00  INFO 86690 --- [tlou_two_backend] [    Test worker] o.s.t.web.servlet.TestDispatcherServlet  : Completed initialization in 0 ms
2026-05-08T12:08:48.405-05:00  INFO 86690 --- [tlou_two_backend] [    Test worker] c.t.tlou2.contoller.PostControllerTest   : Started PostControllerTest in 0.781 seconds (process running for 1.201)
]]></system-out>
  <system-err><![CDATA[Mockito is currently self-attaching to enable the inline-mock-maker. This will no longer work in future releases of the JDK. Please add Mockito as an agent to your build as described in Mockito's documentation: https://javadoc.io/doc/org.mockito/mockito-core/latest/org.mockito/org/mockito/Mockito.html#0.3
WARNING: A Java agent has been loaded dynamically (/Users/i2505819/.gradle/caches/modules-2/files-2.1/net.bytebuddy/byte-buddy-agent/1.17.8/f09415827a71be7ed621c7bd02550678f28bc81c/byte-buddy-agent-1.17.8.jar)
WARNING: If a serviceability tool is in use, please run with -XX:+EnableDynamicAgentLoading to hide this warning
WARNING: If a serviceability tool is not in use, please run with -Djdk.instrument.traceUsage for more information
WARNING: Dynamic loading of agents will be disallowed by default in a future release
]]></system-err>
</testsuite>
