<?xml version="1.0" encoding="UTF-8"?>
<testsuite name="com.tlou2.tlou2.repository.PostRepositoryTest" tests="1" skipped="0" failures="1" errors="0" timestamp="2026-05-10T04:43:48.458Z" hostname="RGCASWFA1546" time="1.506">
  <properties/>
  <testcase name="shouldFindAllPostsByCheckpointId()" classname="com.tlou2.tlou2.repository.PostRepositoryTest" time="0.41">
    <failure message="org.springframework.dao.InvalidDataAccessApiUsageException: org.hibernate.TransientPropertyValueException: Persistent instance of 'com.tlou2.tlou2.entity.Post' references an unsaved transient instance of 'com.tlou2.tlou2.entity.Checkpoint' (persist the transient instance before flushing) [com.tlou2.tlou2.entity.Post.checkpoint -&gt; com.tlou2.tlou2.entity.Checkpoint]" type="org.springframework.dao.InvalidDataAccessApiUsageException">org.springframework.dao.InvalidDataAccessApiUsageException: org.hibernate.TransientPropertyValueException: Persistent instance of 'com.tlou2.tlou2.entity.Post' references an unsaved transient instance of 'com.tlou2.tlou2.entity.Checkpoint' (persist the transient instance before flushing) [com.tlou2.tlou2.entity.Post.checkpoint -&gt; com.tlou2.tlou2.entity.Checkpoint]
	at org.springframework.orm.jpa.EntityManagerFactoryUtils.convertJpaAccessExceptionIfPossible(EntityManagerFactoryUtils.java:461)
	at org.springframework.orm.jpa.hibernate.HibernateExceptionTranslator.translateExceptionIfPossible(HibernateExceptionTranslator.java:112)
	at org.springframework.orm.jpa.vendor.HibernateJpaDialect.translateExceptionIfPossible(HibernateJpaDialect.java:223)
	at org.springframework.orm.jpa.AbstractEntityManagerFactoryBean.translateExceptionIfPossible(AbstractEntityManagerFactoryBean.java:576)
	at org.springframework.dao.support.ChainedPersistenceExceptionTranslator.translateExceptionIfPossible(ChainedPersistenceExceptionTranslator.java:61)
	at org.springframework.dao.support.DataAccessUtils.translateIfNecessary(DataAccessUtils.java:346)
	at org.springframework.dao.support.PersistenceExceptionTranslationInterceptor.invoke(PersistenceExceptionTranslationInterceptor.java:157)
	at org.springframework.aop.framework.ReflectiveMethodInvocation.proceed(ReflectiveMethodInvocation.java:179)
	at org.springframework.data.jpa.repository.support.CrudMethodMetadataPostProcessor$CrudMethodMetadataPopulatingMethodInterceptor.invoke(CrudMethodMetadataPostProcessor.java:137)
	at org.springframework.aop.framework.ReflectiveMethodInvocation.proceed(ReflectiveMethodInvocation.java:179)
	at org.springframework.aop.framework.JdkDynamicAopProxy.invoke(JdkDynamicAopProxy.java:222)
	at jdk.proxy3/jdk.proxy3.$Proxy159.findAllByCheckpointId(Unknown Source)
	at com.tlou2.tlou2.repository.PostRepositoryTest.shouldFindAllPostsByCheckpointId(PostRepositoryTest.java:124)
Caused by: java.lang.IllegalStateException: org.hibernate.TransientPropertyValueException: Persistent instance of 'com.tlou2.tlou2.entity.Post' references an unsaved transient instance of 'com.tlou2.tlou2.entity.Checkpoint' (persist the transient instance before flushing) [com.tlou2.tlou2.entity.Post.checkpoint -&gt; com.tlou2.tlou2.entity.Checkpoint]
	at org.hibernate.internal.ExceptionConverterImpl.convert(ExceptionConverterImpl.java:143)
	at org.hibernate.query.spi.AbstractSelectionQuery.list(AbstractSelectionQuery.java:161)
	at org.hibernate.query.Query.getResultList(Query.java:121)
	at org.springframework.data.jpa.repository.query.JpaQueryExecution$CollectionExecution.doExecute(JpaQueryExecution.java:132)
	at org.springframework.data.jpa.repository.query.JpaQueryExecution.execute(JpaQueryExecution.java:99)
	at org.springframework.data.jpa.repository.query.AbstractJpaQuery.doExecute(AbstractJpaQuery.java:164)
	at org.springframework.data.jpa.repository.query.AbstractJpaQuery.execute(AbstractJpaQuery.java:154)
	at org.springframework.data.repository.core.support.RepositoryMethodInvoker.doInvoke(RepositoryMethodInvoker.java:169)
	at org.springframework.data.repository.core.support.RepositoryMethodInvoker.invoke(RepositoryMethodInvoker.java:158)
	at org.springframework.data.repository.core.support.QueryExecutorMethodInterceptor.doInvoke(QueryExecutorMethodInterceptor.java:167)
	at org.springframework.data.repository.core.support.QueryExecutorMethodInterceptor.invoke(QueryExecutorMethodInterceptor.java:146)
	at org.springframework.aop.framework.ReflectiveMethodInvocation.proceed(ReflectiveMethodInvocation.java:179)
	at org.springframework.data.projection.DefaultMethodInvokingMethodInterceptor.invoke(DefaultMethodInvokingMethodInterceptor.java:69)
	at org.springframework.aop.framework.ReflectiveMethodInvocation.proceed(ReflectiveMethodInvocation.java:179)
	at org.springframework.transaction.interceptor.TransactionInterceptor$1.proceedWithInvocation(TransactionInterceptor.java:133)
	at org.springframework.transaction.interceptor.TransactionAspectSupport.invokeWithinTransaction(TransactionAspectSupport.java:371)
	at org.springframework.transaction.interceptor.TransactionInterceptor.invoke(TransactionInterceptor.java:130)
	at org.springframework.aop.framework.ReflectiveMethodInvocation.proceed(ReflectiveMethodInvocation.java:179)
	at org.springframework.dao.support.PersistenceExceptionTranslationInterceptor.invoke(PersistenceExceptionTranslationInterceptor.java:135)
	... 6 more
Caused by: org.hibernate.TransientPropertyValueException: Persistent instance of 'com.tlou2.tlou2.entity.Post' references an unsaved transient instance of 'com.tlou2.tlou2.entity.Checkpoint' (persist the transient instance before flushing) [com.tlou2.tlou2.entity.Post.checkpoint -&gt; com.tlou2.tlou2.entity.Checkpoint]
	at org.hibernate.engine.spi.CascadingActions$8.cascade(CascadingActions.java:391)
	at org.hibernate.engine.spi.CascadingActions$8.cascade(CascadingActions.java:370)
	at org.hibernate.engine.internal.Cascade.cascadeToOne(Cascade.java:534)
	at org.hibernate.engine.internal.Cascade.cascadeAssociation(Cascade.java:437)
	at org.hibernate.engine.internal.Cascade.cascadeProperty(Cascade.java:217)
	at org.hibernate.engine.internal.Cascade.cascade(Cascade.java:158)
	at org.hibernate.event.internal.AbstractFlushingEventListener.checkForTransientReferences(AbstractFlushingEventListener.java:143)
	at org.hibernate.event.internal.AbstractFlushingEventListener.prepareEntityFlushes(AbstractFlushingEventListener.java:132)
	at org.hibernate.event.internal.AbstractFlushingEventListener.preFlush(AbstractFlushingEventListener.java:83)
	at org.hibernate.event.internal.DefaultAutoFlushEventListener.onAutoFlush(DefaultAutoFlushEventListener.java:44)
	at org.hibernate.event.service.internal.EventListenerGroupImpl.fireEventOnEachListener(EventListenerGroupImpl.java:138)
	at org.hibernate.internal.SessionImpl.autoFlushIfRequired(SessionImpl.java:1435)
	at org.hibernate.query.sqm.internal.ConcreteSqmSelectQueryPlan.lambda$new$1(ConcreteSqmSelectQueryPlan.java:132)
	at org.hibernate.query.sqm.internal.ConcreteSqmSelectQueryPlan.withCacheableSqmInterpretation(ConcreteSqmSelectQueryPlan.java:464)
	at org.hibernate.query.sqm.internal.ConcreteSqmSelectQueryPlan.performList(ConcreteSqmSelectQueryPlan.java:392)
	at org.hibernate.query.sqm.internal.SqmQueryImpl.doList(SqmQueryImpl.java:374)
	at org.hibernate.query.spi.AbstractSelectionQuery.list(AbstractSelectionQuery.java:153)
	... 23 more
</failure>
  </testcase>
  <system-out><![CDATA[23:43:48.514 [Test worker] INFO org.springframework.test.context.support.AnnotationConfigContextLoaderUtils -- Could not detect default configuration classes for test class [com.tlou2.tlou2.repository.PostRepositoryTest]: PostRepositoryTest does not declare any static, non-private, non-final, nested classes annotated with @Configuration.
23:43:48.560 [Test worker] INFO org.springframework.boot.test.context.SpringBootTestContextBootstrapper -- Found @SpringBootConfiguration com.tlou2.tlou2.Tlou2Application for test class com.tlou2.tlou2.repository.PostRepositoryTest
23:43:48.561 [Test worker] INFO org.springframework.test.context.support.AnnotationConfigContextLoaderUtils -- Could not detect default configuration classes for test class [com.tlou2.tlou2.repository.PostRepositoryTest]: PostRepositoryTest does not declare any static, non-private, non-final, nested classes annotated with @Configuration.
23:43:48.568 [Test worker] INFO org.springframework.boot.test.context.SpringBootTestContextBootstrapper -- Found @SpringBootConfiguration com.tlou2.tlou2.Tlou2Application for test class com.tlou2.tlou2.repository.PostRepositoryTest

  .   ____          _            __ _ _
 /\\ / ___'_ __ _ _(_)_ __  __ _ \ \ \ \
( ( )\___ | '_ | '_| | '_ \/ _` | \ \ \ \
 \\/  ___)| |_)| | | | | || (_| |  ) ) ) )
  '  |____| .__|_| |_|_| |_\__, | / / / /
 =========|_|==============|___/=/_/_/_/

 :: Spring Boot ::                (v4.0.6)

2026-05-09T23:43:48.705-05:00  INFO 24236 --- [tlou_two_backend] [    Test worker] c.t.tlou2.repository.PostRepositoryTest  : Starting PostRepositoryTest using Java 21.0.9 with PID 24236 (started by i2505819 in /Users/i2505819/swf/github/Udemy_Full_Stack_Practice)
2026-05-09T23:43:48.706-05:00  INFO 24236 --- [tlou_two_backend] [    Test worker] c.t.tlou2.repository.PostRepositoryTest  : The following 1 profile is active: "test"
2026-05-09T23:43:48.806-05:00  INFO 24236 --- [tlou_two_backend] [    Test worker] .s.d.r.c.RepositoryConfigurationDelegate : Bootstrapping Spring Data JPA repositories in DEFAULT mode.
2026-05-09T23:43:48.829-05:00  INFO 24236 --- [tlou_two_backend] [    Test worker] .s.d.r.c.RepositoryConfigurationDelegate : Finished Spring Data repository scanning in 19 ms. Found 2 JPA repository interfaces.
2026-05-09T23:43:48.850-05:00  INFO 24236 --- [tlou_two_backend] [    Test worker] beddedDataSourceBeanFactoryPostProcessor : Replacing 'dataSource' DataSource bean with embedded version
2026-05-09T23:43:48.874-05:00  INFO 24236 --- [tlou_two_backend] [    Test worker] o.s.j.d.e.EmbeddedDatabaseFactory        : Starting embedded database: url='jdbc:h2:mem:c9b083e2-fc8e-4423-8733-142fc5052bc5;DB_CLOSE_DELAY=-1;DB_CLOSE_ON_EXIT=false', username='sa'
2026-05-09T23:43:48.960-05:00  INFO 24236 --- [tlou_two_backend] [    Test worker] org.hibernate.orm.jpa                    : HHH008540: Processing PersistenceUnitInfo [name: default]
2026-05-09T23:43:48.977-05:00  INFO 24236 --- [tlou_two_backend] [    Test worker] org.hibernate.orm.core                   : HHH000001: Hibernate ORM core version 7.2.12.Final
2026-05-09T23:43:49.105-05:00  INFO 24236 --- [tlou_two_backend] [    Test worker] o.s.o.j.p.SpringPersistenceUnitInfo      : No LoadTimeWeaver setup: ignoring JPA class transformer
2026-05-09T23:43:49.120-05:00  WARN 24236 --- [tlou_two_backend] [    Test worker] org.hibernate.orm.deprecation            : HHH90000025: H2Dialect does not need to be specified explicitly using 'hibernate.dialect' (remove the property setting and it will be selected by default)
2026-05-09T23:43:49.126-05:00  INFO 24236 --- [tlou_two_backend] [    Test worker] org.hibernate.orm.connections.pooling    : HHH10001005: Database info:
	Database JDBC URL [jdbc:h2:mem:c9b083e2-fc8e-4423-8733-142fc5052bc5]
	Database driver: H2 JDBC Driver
	Database dialect: H2Dialect
	Database version: 2.4.240
	Default catalog/schema: C9B083E2-FC8E-4423-8733-142FC5052BC5/PUBLIC
	Autocommit mode: undefined/unknown
	Isolation level: READ_COMMITTED [default READ_COMMITTED]
	JDBC fetch size: 100
	Pool: DataSourceConnectionProvider
	Minimum pool size: undefined/unknown
	Maximum pool size: undefined/unknown
2026-05-09T23:43:49.419-05:00  INFO 24236 --- [tlou_two_backend] [    Test worker] org.hibernate.orm.core                   : HHH000489: No JTA platform available (set 'hibernate.transaction.jta.platform' to enable JTA platform integration)
Hibernate: create table chapter (id bigint generated by default as identity, title varchar(255) not null, primary key (id))
Hibernate: create table checkpoint (id bigint generated by default as identity, description TEXT not null, image_data TEXT not null, question TEXT not null, title varchar(255) not null, chapter_id bigint, primary key (id))
Hibernate: create table post (id bigint generated by default as identity, post TEXT not null, posted_date_time timestamp(6) not null, checkpoint_id bigint, user_id bigint, primary key (id))
Hibernate: create table users (id bigint generated by default as identity, birth_date DATE not null, email varchar(255) not null, username varchar(255) not null, primary key (id))
Hibernate: alter table if exists users drop constraint if exists UK6dotkott2kjsp8vw4d0m25fb7
Hibernate: alter table if exists users add constraint UK6dotkott2kjsp8vw4d0m25fb7 unique (email)
Hibernate: alter table if exists users drop constraint if exists UKr43af9ap4edm43mmtq01oddj6
Hibernate: alter table if exists users add constraint UKr43af9ap4edm43mmtq01oddj6 unique (username)
Hibernate: alter table if exists checkpoint add constraint FKmcuu2uuj796drm3ptny5o0bja foreign key (chapter_id) references chapter
Hibernate: alter table if exists post add constraint FKr40lv7t7txrgv0jxc4jru5ifk foreign key (checkpoint_id) references checkpoint
Hibernate: alter table if exists post add constraint FK7ky67sgi7k0ayf22652f7763r foreign key (user_id) references users
2026-05-09T23:43:49.442-05:00  INFO 24236 --- [tlou_two_backend] [    Test worker] j.LocalContainerEntityManagerFactoryBean : Initialized JPA EntityManagerFactory for persistence unit 'default'
2026-05-09T23:43:49.479-05:00  INFO 24236 --- [tlou_two_backend] [    Test worker] o.s.d.j.r.query.QueryEnhancerFactories   : Hibernate is in classpath; If applicable, HQL parser will be used.
2026-05-09T23:43:49.551-05:00  INFO 24236 --- [tlou_two_backend] [    Test worker] c.t.tlou2.repository.PostRepositoryTest  : Started PostRepositoryTest in 0.961 seconds (process running for 1.391)
Hibernate: insert into post (checkpoint_id,post,posted_date_time,user_id,id) values (?,?,?,?,default)
Hibernate: insert into post (checkpoint_id,post,posted_date_time,user_id,id) values (?,?,?,?,default)
]]></system-out>
  <system-err><![CDATA[Mockito is currently self-attaching to enable the inline-mock-maker. This will no longer work in future releases of the JDK. Please add Mockito as an agent to your build as described in Mockito's documentation: https://javadoc.io/doc/org.mockito/mockito-core/latest/org.mockito/org/mockito/Mockito.html#0.3
WARNING: A Java agent has been loaded dynamically (/Users/i2505819/.gradle/caches/modules-2/files-2.1/net.bytebuddy/byte-buddy-agent/1.17.8/f09415827a71be7ed621c7bd02550678f28bc81c/byte-buddy-agent-1.17.8.jar)
WARNING: If a serviceability tool is in use, please run with -XX:+EnableDynamicAgentLoading to hide this warning
WARNING: If a serviceability tool is not in use, please run with -Djdk.instrument.traceUsage for more information
WARNING: Dynamic loading of agents will be disallowed by default in a future release
]]></system-err>
</testsuite>
