<?xml version="1.0" encoding="UTF-8"?>
<testsuite name="com.tlou2.tlou2.contoller.UserControllerTest" tests="1" skipped="0" failures="0" errors="0" timestamp="2026-05-07T03:38:34.643Z" hostname="RGCASWFA1546" time="0.999">
  <properties/>
  <testcase name="shouldSaveANewUser()" classname="com.tlou2.tlou2.contoller.UserControllerTest" time="0.073"/>
  <system-out><![CDATA[22:38:34.698 [Test worker] INFO org.springframework.test.context.support.AnnotationConfigContextLoaderUtils -- Could not detect default configuration classes for test class [com.tlou2.tlou2.contoller.UserControllerTest]: UserControllerTest does not declare any static, non-private, non-final, nested classes annotated with @Configuration.
22:38:34.748 [Test worker] INFO org.springframework.boot.test.context.SpringBootTestContextBootstrapper -- Found @SpringBootConfiguration com.tlou2.tlou2.Tlou2Application for test class com.tlou2.tlou2.contoller.UserControllerTest
22:38:34.749 [Test worker] INFO org.springframework.test.context.support.AnnotationConfigContextLoaderUtils -- Could not detect default configuration classes for test class [com.tlou2.tlou2.contoller.UserControllerTest]: UserControllerTest does not declare any static, non-private, non-final, nested classes annotated with @Configuration.
22:38:34.754 [Test worker] INFO org.springframework.boot.test.context.SpringBootTestContextBootstrapper -- Found @SpringBootConfiguration com.tlou2.tlou2.Tlou2Application for test class com.tlou2.tlou2.contoller.UserControllerTest

  .   ____          _            __ _ _
 /\\ / ___'_ __ _ _(_)_ __  __ _ \ \ \ \
( ( )\___ | '_ | '_| | '_ \/ _` | \ \ \ \
 \\/  ___)| |_)| | | | | || (_| |  ) ) ) )
  '  |____| .__|_| |_|_| |_\__, | / / / /
 =========|_|==============|___/=/_/_/_/

 :: Spring Boot ::                (v4.0.6)

2026-05-06T22:38:34.889-05:00  INFO 28667 --- [tlou_two_backend] [    Test worker] c.t.tlou2.contoller.UserControllerTest   : Starting UserControllerTest using Java 21.0.9 with PID 28667 (started by i2505819 in /Users/i2505819/swf/github/Udemy_Full_Stack_Practice)
2026-05-06T22:38:34.889-05:00  INFO 28667 --- [tlou_two_backend] [    Test worker] c.t.tlou2.contoller.UserControllerTest   : No active profile set, falling back to 1 default profile: "default"
2026-05-06T22:38:35.552-05:00  INFO 28667 --- [tlou_two_backend] [    Test worker] o.s.b.t.m.w.SpringBootMockServletContext : Initializing Spring TestDispatcherServlet ''
2026-05-06T22:38:35.552-05:00  INFO 28667 --- [tlou_two_backend] [    Test worker] o.s.t.web.servlet.TestDispatcherServlet  : Initializing Servlet ''
2026-05-06T22:38:35.554-05:00  INFO 28667 --- [tlou_two_backend] [    Test worker] o.s.t.web.servlet.TestDispatcherServlet  : Completed initialization in 1 ms
2026-05-06T22:38:35.565-05:00  INFO 28667 --- [tlou_two_backend] [    Test worker] c.t.tlou2.contoller.UserControllerTest   : Started UserControllerTest in 0.787 seconds (process running for 1.201)
]]></system-out>
  <system-err><![CDATA[Mockito is currently self-attaching to enable the inline-mock-maker. This will no longer work in future releases of the JDK. Please add Mockito as an agent to your build as described in Mockito's documentation: https://javadoc.io/doc/org.mockito/mockito-core/latest/org.mockito/org/mockito/Mockito.html#0.3
WARNING: A Java agent has been loaded dynamically (/Users/i2505819/.gradle/caches/modules-2/files-2.1/net.bytebuddy/byte-buddy-agent/1.17.8/f09415827a71be7ed621c7bd02550678f28bc81c/byte-buddy-agent-1.17.8.jar)
WARNING: If a serviceability tool is in use, please run with -XX:+EnableDynamicAgentLoading to hide this warning
WARNING: If a serviceability tool is not in use, please run with -Djdk.instrument.traceUsage for more information
WARNING: Dynamic loading of agents will be disallowed by default in a future release
]]></system-err>
</testsuite>
