<?xml version="1.0" encoding="UTF-8"?>
<testsuite name="com.tlou2.tlou2.repository.UserRepositoryTest" tests="1" skipped="0" failures="0" errors="0" timestamp="2026-05-10T04:11:07.909Z" hostname="RGCASWFA1546" time="1.428">
  <properties/>
  <testcase name="shouldDeleteExistingUser()" classname="com.tlou2.tlou2.repository.UserRepositoryTest" time="0.283"/>
  <system-out><![CDATA[23:11:07.964 [Test worker] INFO org.springframework.test.context.support.AnnotationConfigContextLoaderUtils -- Could not detect default configuration classes for test class [com.tlou2.tlou2.repository.UserRepositoryTest]: UserRepositoryTest does not declare any static, non-private, non-final, nested classes annotated with @Configuration.
23:11:08.013 [Test worker] INFO org.springframework.boot.test.context.SpringBootTestContextBootstrapper -- Found @SpringBootConfiguration com.tlou2.tlou2.Tlou2Application for test class com.tlou2.tlou2.repository.UserRepositoryTest
23:11:08.014 [Test worker] INFO org.springframework.test.context.support.AnnotationConfigContextLoaderUtils -- Could not detect default configuration classes for test class [com.tlou2.tlou2.repository.UserRepositoryTest]: UserRepositoryTest does not declare any static, non-private, non-final, nested classes annotated with @Configuration.
23:11:08.021 [Test worker] INFO org.springframework.boot.test.context.SpringBootTestContextBootstrapper -- Found @SpringBootConfiguration com.tlou2.tlou2.Tlou2Application for test class com.tlou2.tlou2.repository.UserRepositoryTest

  .   ____          _            __ _ _
 /\\ / ___'_ __ _ _(_)_ __  __ _ \ \ \ \
( ( )\___ | '_ | '_| | '_ \/ _` | \ \ \ \
 \\/  ___)| |_)| | | | | || (_| |  ) ) ) )
  '  |____| .__|_| |_|_| |_\__, | / / / /
 =========|_|==============|___/=/_/_/_/

 :: Spring Boot ::                (v4.0.6)

2026-05-09T23:11:08.159-05:00  INFO 22502 --- [tlou_two_backend] [    Test worker] c.t.tlou2.repository.UserRepositoryTest  : Starting UserRepositoryTest using Java 21.0.9 with PID 22502 (started by i2505819 in /Users/i2505819/swf/github/Udemy_Full_Stack_Practice)
2026-05-09T23:11:08.159-05:00  INFO 22502 --- [tlou_two_backend] [    Test worker] c.t.tlou2.repository.UserRepositoryTest  : The following 1 profile is active: "test"
2026-05-09T23:11:08.263-05:00  INFO 22502 --- [tlou_two_backend] [    Test worker] .s.d.r.c.RepositoryConfigurationDelegate : Bootstrapping Spring Data JPA repositories in DEFAULT mode.
2026-05-09T23:11:08.283-05:00  INFO 22502 --- [tlou_two_backend] [    Test worker] .s.d.r.c.RepositoryConfigurationDelegate : Finished Spring Data repository scanning in 17 ms. Found 2 JPA repository interfaces.
2026-05-09T23:11:08.302-05:00  INFO 22502 --- [tlou_two_backend] [    Test worker] beddedDataSourceBeanFactoryPostProcessor : Replacing 'dataSource' DataSource bean with embedded version
2026-05-09T23:11:08.330-05:00  INFO 22502 --- [tlou_two_backend] [    Test worker] o.s.j.d.e.EmbeddedDatabaseFactory        : Starting embedded database: url='jdbc:h2:mem:05235241-b353-4d5d-9cd7-d511a74e85b3;DB_CLOSE_DELAY=-1;DB_CLOSE_ON_EXIT=false', username='sa'
2026-05-09T23:11:08.416-05:00  INFO 22502 --- [tlou_two_backend] [    Test worker] org.hibernate.orm.jpa                    : HHH008540: Processing PersistenceUnitInfo [name: default]
2026-05-09T23:11:08.433-05:00  INFO 22502 --- [tlou_two_backend] [    Test worker] org.hibernate.orm.core                   : HHH000001: Hibernate ORM core version 7.2.12.Final
2026-05-09T23:11:08.565-05:00  INFO 22502 --- [tlou_two_backend] [    Test worker] o.s.o.j.p.SpringPersistenceUnitInfo      : No LoadTimeWeaver setup: ignoring JPA class transformer
2026-05-09T23:11:08.580-05:00  WARN 22502 --- [tlou_two_backend] [    Test worker] org.hibernate.orm.deprecation            : HHH90000025: H2Dialect does not need to be specified explicitly using 'hibernate.dialect' (remove the property setting and it will be selected by default)
2026-05-09T23:11:08.586-05:00  INFO 22502 --- [tlou_two_backend] [    Test worker] org.hibernate.orm.connections.pooling    : HHH10001005: Database info:
	Database JDBC URL [jdbc:h2:mem:05235241-b353-4d5d-9cd7-d511a74e85b3]
	Database driver: H2 JDBC Driver
	Database dialect: H2Dialect
	Database version: 2.4.240
	Default catalog/schema: 05235241-B353-4D5D-9CD7-D511A74E85B3/PUBLIC
	Autocommit mode: undefined/unknown
	Isolation level: READ_COMMITTED [default READ_COMMITTED]
	JDBC fetch size: 100
	Pool: DataSourceConnectionProvider
	Minimum pool size: undefined/unknown
	Maximum pool size: undefined/unknown
2026-05-09T23:11:08.915-05:00  INFO 22502 --- [tlou_two_backend] [    Test worker] org.hibernate.orm.core                   : HHH000489: No JTA platform available (set 'hibernate.transaction.jta.platform' to enable JTA platform integration)
Hibernate: create table chapter (id bigint generated by default as identity, title varchar(255) not null, primary key (id))
Hibernate: create table checkpoint (id bigint generated by default as identity, description TEXT not null, image_data TEXT not null, question TEXT not null, title varchar(255) not null, chapter_id bigint, primary key (id))
Hibernate: create table post (id bigint generated by default as identity, post TEXT not null, posted_date_time timestamp(6) not null, checkpoint_id bigint, user_id bigint, primary key (id))
Hibernate: create table users (id bigint generated by default as identity, birth_date DATE not null, email varchar(255) not null, username varchar(255) not null, primary key (id))
Hibernate: alter table if exists users drop constraint if exists UK6dotkott2kjsp8vw4d0m25fb7
Hibernate: alter table if exists users add constraint UK6dotkott2kjsp8vw4d0m25fb7 unique (email)
Hibernate: alter table if exists users drop constraint if exists UKr43af9ap4edm43mmtq01oddj6
Hibernate: alter table if exists users add constraint UKr43af9ap4edm43mmtq01oddj6 unique (username)
Hibernate: alter table if exists checkpoint add constraint FKmcuu2uuj796drm3ptny5o0bja foreign key (chapter_id) references chapter
Hibernate: alter table if exists post add constraint FKr40lv7t7txrgv0jxc4jru5ifk foreign key (checkpoint_id) references checkpoint
Hibernate: alter table if exists post add constraint FK7ky67sgi7k0ayf22652f7763r foreign key (user_id) references users
2026-05-09T23:11:08.940-05:00  INFO 22502 --- [tlou_two_backend] [    Test worker] j.LocalContainerEntityManagerFactoryBean : Initialized JPA EntityManagerFactory for persistence unit 'default'
2026-05-09T23:11:08.976-05:00  INFO 22502 --- [tlou_two_backend] [    Test worker] o.s.d.j.r.query.QueryEnhancerFactories   : Hibernate is in classpath; If applicable, HQL parser will be used.
2026-05-09T23:11:09.051-05:00  INFO 22502 --- [tlou_two_backend] [    Test worker] c.t.tlou2.repository.UserRepositoryTest  : Started UserRepositoryTest in 1.006 seconds (process running for 1.436)
Hibernate: insert into users (birth_date,email,username,id) values (?,?,?,default)
]]></system-out>
  <system-err><![CDATA[Mockito is currently self-attaching to enable the inline-mock-maker. This will no longer work in future releases of the JDK. Please add Mockito as an agent to your build as described in Mockito's documentation: https://javadoc.io/doc/org.mockito/mockito-core/latest/org.mockito/org/mockito/Mockito.html#0.3
WARNING: A Java agent has been loaded dynamically (/Users/i2505819/.gradle/caches/modules-2/files-2.1/net.bytebuddy/byte-buddy-agent/1.17.8/f09415827a71be7ed621c7bd02550678f28bc81c/byte-buddy-agent-1.17.8.jar)
WARNING: If a serviceability tool is in use, please run with -XX:+EnableDynamicAgentLoading to hide this warning
WARNING: If a serviceability tool is not in use, please run with -Djdk.instrument.traceUsage for more information
WARNING: Dynamic loading of agents will be disallowed by default in a future release
]]></system-err>
</testsuite>
