<?xml version="1.0" encoding="UTF-8"?>
<testsuite name="com.tlou2.tlou2.contoller.UserControllerTest" tests="1" skipped="0" failures="0" errors="0" timestamp="2026-05-07T16:32:51.991Z" hostname="RGCASWFA1546" time="0.955">
  <properties/>
  <testcase name="shouldDeleteTaskById()" classname="com.tlou2.tlou2.contoller.UserControllerTest" time="0.045"/>
  <system-out><![CDATA[11:32:52.048 [Test worker] INFO org.springframework.test.context.support.AnnotationConfigContextLoaderUtils -- Could not detect default configuration classes for test class [com.tlou2.tlou2.contoller.UserControllerTest]: UserControllerTest does not declare any static, non-private, non-final, nested classes annotated with @Configuration.
11:32:52.093 [Test worker] INFO org.springframework.boot.test.context.SpringBootTestContextBootstrapper -- Found @SpringBootConfiguration com.tlou2.tlou2.Tlou2Application for test class com.tlou2.tlou2.contoller.UserControllerTest
11:32:52.094 [Test worker] INFO org.springframework.test.context.support.AnnotationConfigContextLoaderUtils -- Could not detect default configuration classes for test class [com.tlou2.tlou2.contoller.UserControllerTest]: UserControllerTest does not declare any static, non-private, non-final, nested classes annotated with @Configuration.
11:32:52.098 [Test worker] INFO org.springframework.boot.test.context.SpringBootTestContextBootstrapper -- Found @SpringBootConfiguration com.tlou2.tlou2.Tlou2Application for test class com.tlou2.tlou2.contoller.UserControllerTest

  .   ____          _            __ _ _
 /\\ / ___'_ __ _ _(_)_ __  __ _ \ \ \ \
( ( )\___ | '_ | '_| | '_ \/ _` | \ \ \ \
 \\/  ___)| |_)| | | | | || (_| |  ) ) ) )
  '  |____| .__|_| |_|_| |_\__, | / / / /
 =========|_|==============|___/=/_/_/_/

 :: Spring Boot ::                (v4.0.6)

2026-05-07T11:32:52.225-05:00  INFO 48524 --- [tlou_two_backend] [    Test worker] c.t.tlou2.contoller.UserControllerTest   : Starting UserControllerTest using Java 21.0.9 with PID 48524 (started by i2505819 in /Users/i2505819/swf/github/Udemy_Full_Stack_Practice)
2026-05-07T11:32:52.226-05:00  INFO 48524 --- [tlou_two_backend] [    Test worker] c.t.tlou2.contoller.UserControllerTest   : No active profile set, falling back to 1 default profile: "default"
2026-05-07T11:32:52.883-05:00  INFO 48524 --- [tlou_two_backend] [    Test worker] o.s.b.t.m.w.SpringBootMockServletContext : Initializing Spring TestDispatcherServlet ''
2026-05-07T11:32:52.883-05:00  INFO 48524 --- [tlou_two_backend] [    Test worker] o.s.t.web.servlet.TestDispatcherServlet  : Initializing Servlet ''
2026-05-07T11:32:52.885-05:00  INFO 48524 --- [tlou_two_backend] [    Test worker] o.s.t.web.servlet.TestDispatcherServlet  : Completed initialization in 1 ms
2026-05-07T11:32:52.896-05:00  INFO 48524 --- [tlou_two_backend] [    Test worker] c.t.tlou2.contoller.UserControllerTest   : Started UserControllerTest in 0.779 seconds (process running for 1.217)

MockHttpServletRequest:
      HTTP Method = DELETE
      Request URI = /api/v1/user/4
       Parameters = {}
          Headers = [Content-Type:"application/json;charset=UTF-8", Content-Length:"1"]
             Body = 4
    Session Attrs = {}

Handler:
             Type = com.tlou2.tlou2.controller.UserController
           Method = com.tlou2.tlou2.controller.UserController#deleteUserById(Long)

Async:
    Async started = false
     Async result = null

Resolved Exception:
             Type = null

ModelAndView:
        View name = null
             View = null
            Model = null

FlashMap:
       Attributes = null

MockHttpServletResponse:
           Status = 204
    Error message = null
          Headers = []
     Content type = null
             Body = 
    Forwarded URL = null
   Redirected URL = null
          Cookies = []
]]></system-out>
  <system-err><![CDATA[Mockito is currently self-attaching to enable the inline-mock-maker. This will no longer work in future releases of the JDK. Please add Mockito as an agent to your build as described in Mockito's documentation: https://javadoc.io/doc/org.mockito/mockito-core/latest/org.mockito/org/mockito/Mockito.html#0.3
WARNING: A Java agent has been loaded dynamically (/Users/i2505819/.gradle/caches/modules-2/files-2.1/net.bytebuddy/byte-buddy-agent/1.17.8/f09415827a71be7ed621c7bd02550678f28bc81c/byte-buddy-agent-1.17.8.jar)
WARNING: If a serviceability tool is in use, please run with -XX:+EnableDynamicAgentLoading to hide this warning
WARNING: If a serviceability tool is not in use, please run with -Djdk.instrument.traceUsage for more information
WARNING: Dynamic loading of agents will be disallowed by default in a future release
]]></system-err>
</testsuite>
